[08:18:04] [User Authenticator #1/INFO]: UUID of player willy130306 is db3816b4-e47f-3cc9-8a03-b314eab27ee1
[08:18:07] [Server thread/INFO]: willy130306 joined the game
[08:18:07] [Server thread/INFO]: willy130306[/2.137.66.84:60575] logged in with entity id 81 at ([world]-17.221523293736965, 100.0, 51.053897633467095)
[08:20:16] [Server thread/INFO]: willy130306 has made the advancement [Stone Age]
[08:23:21] [Server thread/INFO]: willy130306 has made the advancement [Getting an Upgrade]
[08:26:18] [User Authenticator #2/INFO]: UUID of player UltraDesmond is be74eeb9-58fd-30ea-9dac-52e8a697ecbf
[08:26:20] [Server thread/INFO]: UltraDesmond joined the game
[08:26:20] [Server thread/INFO]: UltraDesmond[/83.59.225.105:50105] logged in with entity id 1385 at ([world]87.39936472920193, 84.0, 5.02457405176164)
[08:26:31] [Async Chat Thread - #0/INFO]: <UltraDesmond> Buenassss[m
[08:26:41] [Async Chat Thread - #0/INFO]: <willy130306> dios[m
[08:26:56] [Async Chat Thread - #0/INFO]: <willy130306> angel?[m
[08:27:04] [Async Chat Thread - #0/INFO]: <UltraDesmond> No, Elías[m
[08:27:08] [Async Chat Thread - #0/INFO]: <UltraDesmond> Tu?[m
[08:27:20] [Async Chat Thread - #0/INFO]: <willy130306> me llamo willy, tu que crees[m
[08:27:29] [Async Chat Thread - #0/INFO]: <UltraDesmond> Guille?[m
[08:27:33] [Async Chat Thread - #0/INFO]: <willy130306> bingoooo[m
[08:27:42] [Async Chat Thread - #0/INFO]: <UltraDesmond> Na soy Dios[m
[08:28:13] [Async Chat Thread - #0/INFO]: <willy130306> a punto de mi primera miuerte[m
[08:28:21] [Async Chat Thread - #0/INFO]: <UltraDesmond> Como? JAJAJA[m
[08:28:34] [Async Chat Thread - #0/INFO]: <willy130306> no tengo food[m
[08:28:44] [Async Chat Thread - #0/INFO]: <UltraDesmond> Tengo una manzana[m
[08:28:50] [Async Chat Thread - #0/INFO]: <UltraDesmond> La quieres?[m
[08:28:57] [Async Chat Thread - #0/INFO]: <willy130306> si te tuviera cerca[m
[08:29:04] [Async Chat Thread - #0/INFO]: <UltraDesmond> Donde estas?[m
[08:29:15] [Async Chat Thread - #0/INFO]: <willy130306> ni yo se[m
[08:29:31] [Async Chat Thread - #0/INFO]: <UltraDesmond> Pasame coordenadas[m
[08:29:43] [Async Chat Thread - #0/INFO]: <willy130306> -65 4[m
[08:29:48] [Async Chat Thread - #0/INFO]: <willy130306> pero ya vi cerdos[m
[08:29:56] [Async Chat Thread - #0/INFO]: <UltraDesmond> Eso son XZ?[m
[08:30:03] [Async Chat Thread - #0/INFO]: <willy130306> si[m
[08:30:12] [Async Chat Thread - #0/INFO]: <UltraDesmond> Voy[m
[08:30:55] [Async Chat Thread - #0/INFO]: <willy130306> me voy a mover a la aldea de la montaña[m
[08:30:58] [Async Chat Thread - #0/INFO]: <willy130306> sale en el mapa[m
[08:31:12] [Async Chat Thread - #0/INFO]: <UltraDesmond> Dale voy[m
[08:32:46] [Server thread/INFO]: willy130306 has made the advancement [Sweet Dreams]
[08:32:52] [Async Chat Thread - #2/INFO]: <willy130306> zzz JAJAJAJA[m
[08:33:09] [Async Chat Thread - #2/INFO]: <UltraDesmond> Ya estoy por aquí[m
[08:33:23] [Async Chat Thread - #2/INFO]: <willy130306> esto ya fue fleje saqueado[m
[08:33:36] [Async Chat Thread - #1/INFO]: <UltraDesmond> Se nota JAJAJAJA[m
[08:34:05] [Async Chat Thread - #1/INFO]: <willy130306> no te veoo[m
[08:34:16] [Async Chat Thread - #1/INFO]: <UltraDesmond> Ni yo a ti[m
[08:34:35] [Async Chat Thread - #1/INFO]: <willy130306> -138 351[m
[08:34:53] [Async Chat Thread - #1/INFO]: <UltraDesmond> No estamos en la misma aldea JAJAJA[m
[08:35:01] [Async Chat Thread - #1/INFO]: <willy130306> JAJAJAJAAJJA[m
[08:35:32] [Async Chat Thread - #1/INFO]: <willy130306> discord??[m
[08:35:34] [Async Chat Thread - #1/INFO]: <UltraDesmond> Dame un segundo y vot+[m
[08:35:37] [Async Chat Thread - #1/INFO]: <UltraDesmond> Dale[m
[08:36:00] [Async Chat Thread - #1/INFO]: <willy130306> a ve si se me abre xd[m
[08:36:39] [Async Chat Thread - #1/INFO]: <UltraDesmond> Esperate no deberiamos crear un sevidor de discord pa esto?[m
[08:37:04] [Async Chat Thread - #3/INFO]: <UltraDesmond> Pq en el nuestro no eta Rubén[m
[08:38:55] [Server thread/INFO]: UltraDesmond has made the advancement [Stone Age]
[08:40:41] [Server thread/INFO]: UltraDesmond has made the advancement [Getting an Upgrade]
[08:44:00] [Server thread/INFO]: UltraDesmond has made the advancement [Sweet Dreams]
[08:44:13] [Server thread/INFO]: willy130306 has made the advancement [Monster Hunter]
[08:50:24] [Server thread/INFO]: willy130306 has made the advancement [Diamonds!]
[08:50:30] [Server thread/INFO]: willy130306 has made the advancement [Suit Up]
[08:53:07] [Server thread/WARN]: Can't keep up! Is the server overloaded? Running 2730ms or 54 ticks behind
[08:53:24] [Server thread/WARN]: Can't keep up! Is the server overloaded? Running 2645ms or 52 ticks behind
[08:54:14] [Server thread/WARN]: Can't keep up! Is the server overloaded? Running 2569ms or 51 ticks behind
[08:54:28] [Async Chat Thread - #4/INFO]: <willy130306> -290 504[m
[08:57:46] [Server thread/INFO]: UltraDesmond has made the advancement [Suit Up]
[08:59:01] [Server thread/INFO]: CONSOLE issued server command: /vanish Rhgxz7
[08:59:01] [Server thread/INFO]: [0;31;1mError:[0;31;22m [0;31;22mPlayer not found.[m
[08:59:12] [Server thread/INFO]: willy130306 has made the advancement [Acquire Hardware]
[08:59:19] [Server thread/INFO]: CONSOLE issued server command: /vanish Rhgzx7
[08:59:19] [Server thread/INFO]: [0;31;1mError:[0;31;22m [0;31;22mPlayer not found.[m
[09:00:16] [User Authenticator #3/INFO]: UUID of player Rhgxz7 is 957212ce-76ee-36d9-90a1-78e5699516ce
[09:00:18] [Server thread/INFO]: Rhgxz7 joined the game
[09:00:18] [Server thread/INFO]: Rhgxz7[/2.137.78.251:62069] logged in with entity id 13305 at ([world]2.7901647477127134, 111.0, -9.922022264368543)
[09:00:24] [Async Chat Thread - #6/INFO]: <UltraDesmond> BUenasss[m
[09:00:28] [Async Chat Thread - #6/INFO]: <willy130306> BUENAAASSS[m
[09:00:31] [Async Chat Thread - #6/INFO]: <Rhgxz7> buenas[m
[09:00:39] [Async Chat Thread - #6/INFO]: <willy130306> hombre elias, no te habia visto[m
[09:00:46] [Server thread/INFO]: UltraDesmond has made the advancement [Acquire Hardware]
[09:01:54] [Server thread/INFO]: willy130306 lost connection: Disconnected
[09:01:54] [Server thread/INFO]: willy130306 left the game
[09:02:15] [Server thread/WARN]: Can't keep up! Is the server overloaded? Running 2784ms or 55 ticks behind
[09:02:36] [Async Chat Thread - #7/INFO]: <UltraDesmond> Ruben viste lo del sever de discord?[m
[09:02:46] [Async Chat Thread - #8/INFO]: <Rhgxz7> si[m
[09:02:50] [Async Chat Thread - #8/INFO]: <UltraDesmond> Vale[m
[09:03:03] [Server thread/WARN]: Can't keep up! Is the server overloaded? Running 2737ms or 54 ticks behind
[09:03:11] [Async Chat Thread - #8/INFO]: <Rhgxz7> tengo que recuperar la cuenta de discord pa meterme[m
[09:03:17] [Async Chat Thread - #7/INFO]: <UltraDesmond> JAJAJAJAJAJA[m
[09:03:22] [Async Chat Thread - #7/INFO]: <UltraDesmond> Vale vale sin prisa[m
[09:03:34] [Server thread/INFO]: Rhgxz7 issued server command: /fly
[09:03:38] [Server thread/WARN]: Can't keep up! Is the server overloaded? Running 2533ms or 50 ticks behind
[09:04:14] [Server thread/INFO]: Rhgxz7 issued server command: /invsee UltraDesmond
[09:04:20] [Server thread/WARN]: Can't keep up! Is the server overloaded? Running 4213ms or 84 ticks behind
[09:05:07] [Server thread/INFO]: Rhgxz7 issued server command: /vanish
[09:05:24] [Server thread/INFO]: Rhgxz7 issued server command: /tp UltraDesmond
[09:05:31] [Server thread/INFO]: Rhgxz7 issued server command: /vanish
[09:05:52] [Server thread/INFO]: Rhgxz7 issued server command: /fly
[09:05:59] [Server thread/WARN]: Can't keep up! Is the server overloaded? Running 2543ms or 50 ticks behind
[09:06:17] [Async Chat Thread - #10/INFO]: <Rhgxz7> holaa[m
[09:06:17] [Server thread/WARN]: UltraDesmond moved too quickly! -10.236703946776402,-2.0,6.64961605366716
[09:06:25] [Server thread/WARN]: Can't keep up! Is the server overloaded? Running 10953ms or 219 ticks behind
[09:06:36] [Async Chat Thread - #9/INFO]: <UltraDesmond> TU DE DONDE SALISTE?[m
[09:06:42] [Async Chat Thread - #10/INFO]: <Rhgxz7> jjaja[m
[09:06:48] [Async Chat Thread - #10/INFO]: <Rhgxz7> estaba por aqui y te vi[m
[09:06:54] [Async Chat Thread - #9/INFO]: <UltraDesmond> No puede ser JAJAJAJA[m
[09:07:07] [Async Chat Thread - #9/INFO]: <UltraDesmond> Estoy buscando sitio pala base JAJAJAJA[m
[09:08:36] [Server thread/WARN]: Can't keep up! Is the server overloaded? Running 3095ms or 61 ticks behind
[09:08:45] [Server thread/INFO]: Rhgxz7 issued server command: /lag Rhgxz7
[09:09:51] [Server thread/WARN]: Can't keep up! Is the server overloaded? Running 2550ms or 51 ticks behind
[09:09:59] [Server thread/INFO]: Rhgxz7 issued server command: /gamerule keepInventory true
[09:10:00] [Server thread/INFO]: [Rhgxz7: Gamerule keepInventory is now set to: true]
[09:10:11] [Server thread/WARN]: Can't keep up! Is the server overloaded? Running 2540ms or 50 ticks behind
[09:10:19] [Server thread/INFO]: Rhgxz7 issued server command: /weather storm
[09:10:49] [Server thread/INFO]: Rhgxz7 issued server command: /sethome
[09:10:50] [Server thread/INFO]: UltraDesmond has made the advancement [A Seedy Place]
[09:10:57] [Server thread/INFO]: Rhgxz7 issued server command: /home
[09:11:02] [Server thread/INFO]: Rhgxz7 issued server command: /vanish Rhgxz7
[09:11:08] [Server thread/INFO]: Rhgxz7 issued server command: /fly
[09:11:11] [Server thread/INFO]: Rhgxz7 issued server command: /tp UltraDesmond
[09:11:28] [Server thread/WARN]: Can't keep up! Is the server overloaded? Running 5937ms or 118 ticks behind
[09:11:50] [Server thread/INFO]: Rhgxz7 issued server command: /summon minecraft:lightning_bolt ~ ~ ~
[09:11:50] [Server thread/INFO]: [Rhgxz7: Summoned new Lightning Bolt]
[09:12:07] [Server thread/INFO]: Rhgxz7 issued server command: /summon minecraft:lightning_bolt ~ ~10 ~
[09:12:07] [Server thread/INFO]: [Rhgxz7: Summoned new Lightning Bolt]
[09:12:17] [Server thread/WARN]: Can't keep up! Is the server overloaded? Running 2589ms or 51 ticks behind
[09:12:23] [Server thread/INFO]: Rhgxz7 issued server command: /summon minecraft:lightning_bolt ~ ~10 ~w
[09:12:25] [Server thread/INFO]: Rhgxz7 issued server command: /summon minecraft:lightning_bolt ~ ~10 ~
[09:12:25] [Server thread/INFO]: [Rhgxz7: Summoned new Lightning Bolt]
[09:12:35] [Server thread/INFO]: Rhgxz7 issued server command: /tp UltraDesmond
[09:12:36] [Server thread/WARN]: Can't keep up! Is the server overloaded? Running 2572ms or 51 ticks behind
[09:12:39] [Server thread/INFO]: Rhgxz7 issued server command: /summon minecraft:lightning_bolt ~ ~10 ~
[09:12:39] [Server thread/INFO]: [Rhgxz7: Summoned new Lightning Bolt]
[09:12:43] [Server thread/INFO]: Rhgxz7 issued server command: /summon minecraft:lightning_bolt ~ ~10 ~
[09:12:43] [Server thread/INFO]: [Rhgxz7: Summoned new Lightning Bolt]
[09:13:02] [Server thread/WARN]: Can't keep up! Is the server overloaded? Running 5878ms or 117 ticks behind
[09:13:06] [Server thread/INFO]: Rhgxz7 issued server command: /invsee UltraDesmond
[09:13:42] [Server thread/WARN]: Can't keep up! Is the server overloaded? Running 2653ms or 53 ticks behind
[09:13:43] [Server thread/INFO]: Rhgxz7 issued server command: /tp UltraDesmond
[09:14:33] [Server thread/INFO]: Rhgxz7 issued server command: /execute as UltraDesmond at UltraDesmond run summon minecraft:zombie ~ ~ ~3
[09:14:33] [Server thread/INFO]: [UltraDesmond: Summoned new Zombie]
[09:14:48] [Server thread/WARN]: Can't keep up! Is the server overloaded? Running 2683ms or 53 ticks behind
[09:14:49] [Server thread/WARN]: Rhgxz7 moved too quickly! 8.314667733386386,-6.770575558484836,-6.903481357264582
[09:14:50] [Server thread/INFO]: UltraDesmond has made the advancement [Monster Hunter]
[09:15:28] [Server thread/INFO]: Rhgxz7 issued server command: /execute as UltraDesmond at UltraDesmond run summon minecraft:zombie ~-5 ~ ~3
[09:15:28] [Server thread/INFO]: [UltraDesmond: Summoned new Zombie]
[09:15:40] [Server thread/INFO]: Rhgxz7 issued server command: /execute as UltraDesmond at UltraDesmond run summon minecraft:zombie ~5 ~ ~3
[09:15:40] [Server thread/INFO]: [UltraDesmond: Summoned new Zombie]
[09:16:03] [Server thread/INFO]: Rhgxz7 issued server command: /invsee UltraDesmond
[09:18:10] [Server thread/INFO]: UltraDesmond lost connection: Disconnected
[09:18:10] [Server thread/INFO]: UltraDesmond left the game
[09:19:11] [Server thread/INFO]: Rhgxz7 issued server command: /vanish
[09:19:15] [Server thread/INFO]: Rhgxz7 lost connection: Disconnected
[09:19:15] [Server thread/INFO]: Rhgxz7 left the game
[09:19:19] [Server thread/WARN]: Can't keep up! Is the server overloaded? Running 3883ms or 77 ticks behind
